<?xml version="1.0" encoding="UTF-8"?>
<!-- Generated by org.testng.reporters.JUnitReportReporter -->
<testsuite hostname="DESKTOP-2G50FIL" failures="0" tests="1" name="testCases.RemoteTest" time="48.710" errors="0" timestamp="2024-03-21T09:21:48 IST" skipped="0">
  <testcase classname="testCases.RemoteTest" name="remoteTest" time="48.710"/>
</testsuite> <!-- testCases.RemoteTest -->
