<?xml version="1.0" encoding="UTF-8"?>
<!-- Generated by org.testng.reporters.JUnitReportReporter -->
<testsuite hostname="DESKTOP-2G50FIL" failures="0" tests="1" name="testCases.Checkboxtest" time="26.599" errors="0" timestamp="2024-03-15T12:13:41 IST" skipped="0">
  <testcase classname="testCases.Checkboxtest" name="testcase1" time="26.599"/>
</testsuite> <!-- testCases.Checkboxtest -->
