<?xml version="1.0" encoding="UTF-8"?>
<!-- Generated by org.testng.reporters.JUnitReportReporter -->
<testsuite hostname="DESKTOP-2G50FIL" failures="0" tests="2" name="testCases.GoogleSearchPage" time="65.461" errors="0" timestamp="2024-03-19T11:35:21 IST" skipped="0">
  <testcase classname="testCases.GoogleSearchPage" name="TestCase1" time="32.489"/>
  <testcase classname="testCases.GoogleSearchPage" name="TestCase1" time="32.972"/>
</testsuite> <!-- testCases.GoogleSearchPage -->
