<?xml version="1.0" encoding="UTF-8"?>
<!-- Generated by org.testng.reporters.JUnitReportReporter -->
<testsuite hostname="DESKTOP-2G50FIL" failures="0" tests="2" name="testCases.CsvDataProvider" time="0.105" errors="0" timestamp="2024-03-19T09:52:40 IST" skipped="0">
  <testcase classname="testCases.CsvDataProvider" name="testcase1" time="0.059"/>
  <testcase classname="testCases.CsvDataProvider" name="testcase1" time="0.046"/>
</testsuite> <!-- testCases.CsvDataProvider -->
