<?xml version="1.0" encoding="UTF-8"?>
<!-- Generated by org.testng.reporters.JUnitReportReporter -->
<testsuite hostname="DESKTOP-2G50FIL" failures="0" tests="6" name="testCases.DataProviderExample" time="0.303" errors="0" timestamp="2024-03-18T12:48:25 IST" skipped="0">
  <testcase classname="testCases.DataProviderExample" name="verifyData1" time="0.104"/>
  <testcase classname="testCases.DataProviderExample" name="verifyData2" time="0.019"/>
  <testcase classname="testCases.DataProviderExample" name="verifyData1" time="0.025"/>
  <testcase classname="testCases.DataProviderExample" name="verifyData2" time="0.041"/>
  <testcase classname="testCases.DataProviderExample" name="verifyData2" time="0.024"/>
  <testcase classname="testCases.DataProviderExample" name="verifyData1" time="0.090"/>
</testsuite> <!-- testCases.DataProviderExample -->
