<?xml version="1.0" encoding="UTF-8"?>
<!-- Generated by org.testng.reporters.JUnitReportReporter -->
<testsuite hostname="DESKTOP-2G50FIL" failures="0" tests="1" name="testCases.UsingPropertiesTest" time="0.128" errors="0" timestamp="2024-03-18T11:29:38 IST" skipped="0">
  <testcase classname="testCases.UsingPropertiesTest" name="Testcase1" time="0.128"/>
</testsuite> <!-- testCases.UsingPropertiesTest -->
